0 info it worked if it ends with ok
1 verbose cli [ '/usr/bin/node', '/usr/bin/npm', 'init', '-y' ]
2 info using npm@3.5.2
3 info using node@v8.10.0
4 silly package data undefined
5 info init written successfully
6 verbose stack Error: Invalid name: "Hospital Scan Tracker"
6 verbose stack     at ensureValidName (/usr/share/npm/node_modules/normalize-package-data/lib/fixer.js:336:15)
6 verbose stack     at Object.fixNameField (/usr/share/npm/node_modules/normalize-package-data/lib/fixer.js:215:5)
6 verbose stack     at /usr/share/npm/node_modules/normalize-package-data/lib/normalize.js:32:38
6 verbose stack     at Array.forEach (<anonymous>)
6 verbose stack     at normalize (/usr/share/npm/node_modules/normalize-package-data/lib/normalize.js:31:15)
6 verbose stack     at final (/usr/share/npm/node_modules/read-package-json/read-json.js:338:5)
6 verbose stack     at then (/usr/share/npm/node_modules/read-package-json/read-json.js:113:5)
6 verbose stack     at /usr/share/npm/node_modules/read-package-json/read-json.js:203:31
6 verbose stack     at f (/usr/share/npm/node_modules/once/once.js:17:25)
6 verbose stack     at Glob.<anonymous> (/usr/share/npm/node_modules/glob/glob.js:133:7)
7 verbose cwd /mnt/c/Users/JOSHU/OneDrive/Documents/Projects/Hospital Scan Tracker
8 error Linux 5.10.16.3-microsoft-standard-WSL2
9 error argv "/usr/bin/node" "/usr/bin/npm" "init" "-y"
10 error node v8.10.0
11 error npm  v3.5.2
12 error Invalid name: "Hospital Scan Tracker"
13 error If you need help, you may report this error at:
13 error     <https://github.com/npm/npm/issues>
14 verbose exit [ 1, true ]
